<testsuites id="" name="" tests="4" failures="1" skipped="3" errors="0" time="3.383458">
<testsuite name="api/testrail-demo.spec.js" timestamp="2025-07-09T16:52:31.253Z" hostname="api" tests="4" failures="1" skipped="3" time="0.4" errors="0">
<testcase name="TestRail Integration Demo â€º C24148: Salesforce API Authentication Test" classname="api/testrail-demo.spec.js" time="0.4">
<failure message="testrail-demo.spec.js:84:3 C24148: Salesforce API Authentication Test" type="FAILURE">
<![CDATA[  [api] â€º api/testrail-demo.spec.js:84:3 â€º TestRail Integration Demo â€º C24148: Salesforce API Authentication Test 

    Error: expect(received).toBe(expected) // Object.is equality

    Expected: 200
    Received: 401

       98 |       });
       99 |       
    > 100 |       expect(response.status()).toBe(200);
          |                                 ^
      101 |       const data = await response.json();
      102 |       expect(data).toBeInstanceOf(Array);
      103 |       
        at /Users/mzahirudeen/Desktop/AgentSync/Client Deliverable/AgentSyncProfessionalServicesDelivery/src/tests/api/testrail-demo.spec.js:100:33

    Error Context: ../../test-results/api-testrail-demo-TestRail-3157b-rce-API-Authentication-Test-api/error-context.md
]]>
</failure>
<system-out>
<![CDATA[ðŸš€ Starting TestRail Integration Demo
âš ï¸ OAuth failed: authentication failure
âš ï¸ OAuth failed, using fallback token - cached for reuse
ðŸ” TestRail auth: API Key
âœ… TestRail client initialized
âŒ TestRail setup failed: HTTP 400: {"error":"Field :case_ids contains unrecognized case IDs."}
Error details: Error: HTTP 400: {"error":"Field :case_ids contains unrecognized case IDs."}
    at IncomingMessage.<anonymous> [90m(/Users/mzahirudeen/Desktop/AgentSync/Client Deliverable/AgentSyncProfessionalServicesDelivery/[39msrc/utils/testrail/core/testrail-api-simple.js:59:22[90m)[39m
[90m    at IncomingMessage.emit (node:events:519:35)[39m
[90m    at endReadableNT (node:internal/streams/readable:1696:12)[39m
[90m    at processTicksAndRejections (node:internal/process/task_queues:90:21)[39m
ðŸ§ª Running API Authentication Test...
âŒ Authentication test failed: [2mexpect([22m[31mreceived[39m[2m).[22mtoBe[2m([22m[32mexpected[39m[2m) // Object.is equality[22m

Expected: [32m200[39m
Received: [31m401[39m

[[ATTACHMENT|../test-results/api-testrail-demo-TestRail-3157b-rce-API-Authentication-Test-api/error-context.md]]
]]>
</system-out>
</testcase>
<testcase name="TestRail Integration Demo â€º C24149: Salesforce API Limits Test" classname="api/testrail-demo.spec.js" time="0">
<skipped>
</skipped>
</testcase>
<testcase name="TestRail Integration Demo â€º C24150: Salesforce API Query Test" classname="api/testrail-demo.spec.js" time="0">
<skipped>
</skipped>
</testcase>
<testcase name="TestRail Integration Demo â€º C24151: Salesforce UI Login Test" classname="api/testrail-demo.spec.js" time="0">
<skipped>
</skipped>
</testcase>
</testsuite>
</testsuites>